<?xml version="1.0" encoding="UTF-8"?>
<!-- Generated by org.testng.reporters.JUnitReportReporter -->
<testsuite hostname="DESKTOP-OTBCV93" failures="1" tests="4" name="com.api.test.Delivertothecustomer" time="3.671" errors="0" timestamp="18 Jan 2024 10:31:56 GMT" skipped="3">
  <testcase classname="com.api.test.Delivertothecustomer" name="setUp" time="2.543">
    <skipped/>
  </testcase> <!-- setUp -->
  <testcase classname="com.api.test.Delivertothecustomer" name="setUp" time="0.370">
    <skipped/>
  </testcase> <!-- setUp -->
  <testcase classname="com.api.test.Delivertothecustomer" name="setUp" time="0.379">
    <skipped/>
  </testcase> <!-- setUp -->
  <testcase classname="com.api.test.Delivertothecustomer" name="setUp" time="0.379">
    <failure message="BUG! exception in phase &#039;class generation&#039; in source unit &#039;Script1.groovy&#039; unexpected NullPointerException" type="org.codehaus.groovy.GroovyBugError">
      <![CDATA[BUG! exception in phase 'class generation' in source unit 'Script1.groovy' unexpected NullPointerException
at org.codehaus.groovy.control.CompilationUnit$IPrimaryClassNodeOperation.doPhaseOperation(CompilationUnit.java:943)
at org.codehaus.groovy.control.CompilationUnit.processPhaseOperations(CompilationUnit.java:692)
at org.codehaus.groovy.control.CompilationUnit.compile(CompilationUnit.java:666)
at groovy.lang.GroovyClassLoader.doParseClass(GroovyClassLoader.java:373)
at groovy.lang.GroovyClassLoader.lambda$parseClass$2(GroovyClassLoader.java:316)
at org.codehaus.groovy.runtime.memoize.StampedCommonCache.compute(StampedCommonCache.java:163)
at org.codehaus.groovy.runtime.memoize.StampedCommonCache.getAndPut(StampedCommonCache.java:154)
at groovy.lang.GroovyClassLoader.parseClass(GroovyClassLoader.java:314)
at groovy.lang.GroovyShell.parseClass(GroovyShell.java:572)
at groovy.lang.GroovyShell.parse(GroovyShell.java:585)
at groovy.lang.GroovyShell.parse(GroovyShell.java:597)
at groovy.lang.GroovyShell.evaluate(GroovyShell.java:459)
at groovy.lang.GroovyShell.evaluate(GroovyShell.java:495)
at groovy.lang.GroovyShell.evaluate(GroovyShell.java:469)
at java.base/jdk.internal.reflect.NativeMethodAccessorImpl.invoke0(Native Method)
at java.base/jdk.internal.reflect.NativeMethodAccessorImpl.invoke(NativeMethodAccessorImpl.java:77)
at java.base/jdk.internal.reflect.DelegatingMethodAccessorImpl.invoke(DelegatingMethodAccessorImpl.java:43)
at java.base/java.lang.reflect.Method.invoke(Method.java:568)
at org.codehaus.groovy.runtime.callsite.PlainObjectMetaMethodSite.doInvoke(PlainObjectMetaMethodSite.java:43)
at org.codehaus.groovy.runtime.callsite.PogoMetaMethodSite$PogoCachedMethodSiteNoUnwrap.invoke(PogoMetaMethodSite.java:186)
at org.codehaus.groovy.runtime.callsite.PogoMetaMethodSite.call(PogoMetaMethodSite.java:75)
at org.codehaus.groovy.runtime.callsite.AbstractCallSite.call(AbstractCallSite.java:139)
at io.restassured.internal.path.json.JSONAssertion.eval(JSONAssertion.groovy:84)
at io.restassured.internal.path.json.JSONAssertion.this$2$eval(JSONAssertion.groovy)
at java.base/jdk.internal.reflect.NativeMethodAccessorImpl.invoke0(Native Method)
at java.base/jdk.internal.reflect.NativeMethodAccessorImpl.invoke(NativeMethodAccessorImpl.java:77)
at java.base/jdk.internal.reflect.DelegatingMethodAccessorImpl.invoke(DelegatingMethodAccessorImpl.java:43)
at java.base/java.lang.reflect.Method.invoke(Method.java:568)
at org.codehaus.groovy.runtime.callsite.PlainObjectMetaMethodSite.doInvoke(PlainObjectMetaMethodSite.java:43)
at org.codehaus.groovy.runtime.callsite.PogoMetaMethodSite$PogoCachedMethodSiteNoUnwrapNoCoerce.invoke(PogoMetaMethodSite.java:198)
at org.codehaus.groovy.runtime.callsite.PogoMetaMethodSite.callCurrent(PogoMetaMethodSite.java:62)
at org.codehaus.groovy.runtime.callsite.AbstractCallSite.callCurrent(AbstractCallSite.java:203)
at io.restassured.internal.path.json.JSONAssertion.getAsJsonObject(JSONAssertion.groovy:46)
at io.restassured.internal.path.json.JSONAssertion$getAsJsonObject$0.callCurrent(Unknown Source)
at io.restassured.internal.path.json.JSONAssertion.getResult(JSONAssertion.groovy:28)
at io.restassured.path.json.JsonPath.get(JsonPath.java:203)
at io.restassured.path.json.JsonPath.getString(JsonPath.java:352)
at com.utility.TestUtility.getTokenFor(TestUtility.java:182)
at com.api.test.Delivertothecustomer.setUp(Delivertothecustomer.java:29)
at java.base/jdk.internal.reflect.NativeMethodAccessorImpl.invoke0(Native Method)
at java.base/jdk.internal.reflect.NativeMethodAccessorImpl.invoke(NativeMethodAccessorImpl.java:77)
at java.base/jdk.internal.reflect.DelegatingMethodAccessorImpl.invoke(DelegatingMethodAccessorImpl.java:43)
at java.base/java.lang.reflect.Method.invoke(Method.java:568)
at org.testng.internal.MethodInvocationHelper.invokeMethod(MethodInvocationHelper.java:124)
at org.testng.internal.Invoker.invokeMethod(Invoker.java:580)
at org.testng.internal.Invoker.retryFailed(Invoker.java:838)
at org.testng.internal.Invoker.invokeTestMethods(Invoker.java:1009)
at org.testng.internal.TestMethodWorker.invokeTestMethods(TestMethodWorker.java:125)
at org.testng.internal.TestMethodWorker.run(TestMethodWorker.java:109)
at java.base/java.util.concurrent.ThreadPoolExecutor.runWorker(ThreadPoolExecutor.java:1136)
at java.base/java.util.concurrent.ThreadPoolExecutor$Worker.run(ThreadPoolExecutor.java:635)
at java.base/java.lang.Thread.run(Thread.java:833)
Caused by: java.lang.NullPointerException: Cannot invoke "Object.equals(Object)" because "this.listKeys[i]" is null
at org.codehaus.groovy.util.ListHashMap.get(ListHashMap.java:120)
at org.codehaus.groovy.ast.NodeMetaDataHandler.getNodeMetaData(NodeMetaDataHandler.java:44)
at org.codehaus.groovy.ast.ClassHelper.isDynamicTyped(ClassHelper.java:433)
at org.codehaus.groovy.ast.FieldNode.setType(FieldNode.java:86)
at org.codehaus.groovy.ast.FieldNode.<init>(FieldNode.java:58)
at org.codehaus.groovy.ast.ClassNode.addField(ClassNode.java:687)
at org.codehaus.groovy.classgen.Verifier.addFastPathHelperFieldsAndHelperMethod(Verifier.java:421)
at org.codehaus.groovy.classgen.Verifier.visitClass(Verifier.java:257)
at org.codehaus.groovy.control.CompilationUnit$3.call(CompilationUnit.java:755)
at org.codehaus.groovy.control.CompilationUnit$IPrimaryClassNodeOperation.doPhaseOperation(CompilationUnit.java:938)
... 51 more
]]>
    </failure>
  </testcase> <!-- setUp -->
</testsuite> <!-- com.api.test.Delivertothecustomer -->
